#
# There is insufficient memory for the Java Runtime Environment to continue.
# Native memory allocation (malloc) failed to allocate 167216 bytes for Chunk::new
# Possible reasons:
#   The system is out of physical RAM or swap space
#   The process is running with CompressedOops enabled, and the Java Heap may be blocking the growth of the native heap
# Possible solutions:
#   Reduce memory load on the system
#   Increase physical memory or swap space
#   Check if swap backing store is full
#   Decrease Java heap size (-Xmx/-Xms)
#   Decrease number of Java threads
#   Decrease Java thread stack sizes (-Xss)
#   Set larger code cache with -XX:ReservedCodeCacheSize=
#   JVM is running with Zero Based Compressed Oops mode in which the Java heap is
#     placed in the first 32GB address space. The Java Heap base address is the
#     maximum limit for the native heap growth. Please use -XX:HeapBaseMinAddress
#     to set the Java Heap base and to place the Java Heap above 32GB virtual address.
# This output file may be truncated or incomplete.
#
#  Out of Memory Error (arena.cpp:189), pid=28220, tid=11276
#
# JRE version: OpenJDK Runtime Environment (17.0.7) (build 17.0.7+0-b2043.56-10550314)
# Java VM: OpenJDK 64-Bit Server VM (17.0.7+0-b2043.56-10550314, mixed mode, tiered, compressed oops, compressed class ptrs, g1 gc, windows-amd64)
# No core dump will be written. Minidumps are not enabled by default on client versions of Windows
#

---------------  S U M M A R Y ------------

Command Line: git4idea.http.GitAskPassApp Username for 'https://github.com': 

Host: 12th Gen Intel(R) Core(TM) i7-12700, 20 cores, 31G,  Windows 11 , 64 bit Build 22621 (10.0.22621.3527)
Time: Wed Jun  5 16:04:09 2024  Windows 11 , 64 bit Build 22621 (10.0.22621.3527) elapsed time: 0.303655 seconds (0d 0h 0m 0s)

---------------  T H R E A D  ---------------

Current thread (0x0000025e468245a0):  JavaThread "C2 CompilerThread0" daemon [_thread_in_native, id=11276, stack(0x000000afb3000000,0x000000afb3100000)]


Current CompileTask:
C2:    303 1017   !   4       java.util.concurrent.ConcurrentHashMap::putVal (432 bytes)

Stack: [0x000000afb3000000,0x000000afb3100000]
Native frames: (J=compiled Java code, j=interpreted, Vv=VM code, C=native code)
V  [jvm.dll+0x683bfa]
V  [jvm.dll+0x8430a4]
V  [jvm.dll+0x8449be]
V  [jvm.dll+0x845023]
V  [jvm.dll+0x24ad2f]
V  [jvm.dll+0xac25c]
V  [jvm.dll+0xac82c]
V  [jvm.dll+0x36a132]
V  [jvm.dll+0x1bdf52]
V  [jvm.dll+0x21d3a9]
V  [jvm.dll+0x21c671]
V  [jvm.dll+0x1a605d]
V  [jvm.dll+0x22c148]
V  [jvm.dll+0x22a209]
V  [jvm.dll+0x7f858c]
V  [jvm.dll+0x7f2aea]
V  [jvm.dll+0x682a35]
C  [ucrtbase.dll+0x29333]
C  [KERNEL32.DLL+0x1257d]
C  [ntdll.dll+0x5aa48]


---------------  P R O C E S S  ---------------

Threads class SMR info:
_java_thread_list=0x0000025e4b519d00, length=20, elements={
0x0000025e1d6811c0, 0x0000025e4678fc60, 0x0000025e46790ad0, 0x0000025e467a4450,
0x0000025e467a70e0, 0x0000025e4681e640, 0x0000025e4681f300, 0x0000025e468245a0,
0x0000025e468263b0, 0x0000025e46826da0, 0x0000025e4698e9f0, 0x0000025e4698ef00,
0x0000025e4698fc30, 0x0000025e469dfb00, 0x0000025e469f0430, 0x0000025e4b339580,
0x0000025e4b41e180, 0x0000025e4b450de0, 0x0000025e4b4e2c90, 0x0000025e4b4eb750
}

Java Threads: ( => current thread )
  0x0000025e1d6811c0 JavaThread "main" [_thread_blocked, id=45440, stack(0x000000afb2300000,0x000000afb2400000)]
  0x0000025e4678fc60 JavaThread "Reference Handler" daemon [_thread_blocked, id=19104, stack(0x000000afb2a00000,0x000000afb2b00000)]
  0x0000025e46790ad0 JavaThread "Finalizer" daemon [_thread_blocked, id=8720, stack(0x000000afb2b00000,0x000000afb2c00000)]
  0x0000025e467a4450 JavaThread "Signal Dispatcher" daemon [_thread_blocked, id=43424, stack(0x000000afb2c00000,0x000000afb2d00000)]
  0x0000025e467a70e0 JavaThread "Attach Listener" daemon [_thread_blocked, id=42828, stack(0x000000afb2d00000,0x000000afb2e00000)]
  0x0000025e4681e640 JavaThread "Service Thread" daemon [_thread_blocked, id=41216, stack(0x000000afb2e00000,0x000000afb2f00000)]
  0x0000025e4681f300 JavaThread "Monitor Deflation Thread" daemon [_thread_blocked, id=36256, stack(0x000000afb2f00000,0x000000afb3000000)]
=>0x0000025e468245a0 JavaThread "C2 CompilerThread0" daemon [_thread_in_native, id=11276, stack(0x000000afb3000000,0x000000afb3100000)]
  0x0000025e468263b0 JavaThread "C1 CompilerThread0" daemon [_thread_blocked, id=16328, stack(0x000000afb3100000,0x000000afb3200000)]
  0x0000025e46826da0 JavaThread "Sweeper thread" daemon [_thread_blocked, id=24392, stack(0x000000afb3200000,0x000000afb3300000)]
  0x0000025e4698e9f0 JavaThread "C1 CompilerThread1" daemon [_thread_blocked, id=16308, stack(0x000000afb3300000,0x000000afb3400000)]
  0x0000025e4698ef00 JavaThread "C1 CompilerThread2" daemon [_thread_blocked, id=34712, stack(0x000000afb3400000,0x000000afb3500000)]
  0x0000025e4698fc30 JavaThread "C1 CompilerThread3" daemon [_thread_blocked, id=44500, stack(0x000000afb3500000,0x000000afb3600000)]
  0x0000025e469dfb00 JavaThread "Notification Thread" daemon [_thread_blocked, id=32964, stack(0x000000afb3600000,0x000000afb3700000)]
  0x0000025e469f0430 JavaThread "Common-Cleaner" daemon [_thread_blocked, id=33740, stack(0x000000afb3800000,0x000000afb3900000)]
  0x0000025e4b339580 JavaThread "HttpClient-1-SelectorManager" daemon [_thread_in_native, id=44680, stack(0x000000afb3900000,0x000000afb3a00000)]
  0x0000025e4b41e180 JavaThread "HttpClient-1-Worker-0" daemon [_thread_in_vm, id=28100, stack(0x000000afb3b00000,0x000000afb3c00000)]
  0x0000025e4b450de0 JavaThread "HttpClient-1-Worker-1" daemon [_thread_blocked, id=22340, stack(0x000000afb3c00000,0x000000afb3d00000)]
  0x0000025e4b4e2c90 JavaThread "C2 CompilerThread1" daemon [_thread_in_native, id=22520, stack(0x000000afb3d00000,0x000000afb3e00000)]
  0x0000025e4b4eb750 JavaThread "C2 CompilerThread2" daemon [_thread_in_native, id=39072, stack(0x000000afb3e00000,0x000000afb3f00000)]

Other Threads:
  0x0000025e46788120 VMThread "VM Thread" [stack: 0x000000afb2900000,0x000000afb2a00000] [id=14408]
  0x0000025e46998da0 WatcherThread [stack: 0x000000afb3700000,0x000000afb3800000] [id=19004]
  0x0000025e1d72d340 GCTaskThread "GC Thread#0" [stack: 0x000000afb2400000,0x000000afb2500000] [id=4644]
  0x0000025e1d73e0c0 ConcurrentGCThread "G1 Main Marker" [stack: 0x000000afb2500000,0x000000afb2600000] [id=5656]
  0x0000025e1d73ead0 ConcurrentGCThread "G1 Conc#0" [stack: 0x000000afb2600000,0x000000afb2700000] [id=29676]
  0x0000025e43606870 ConcurrentGCThread "G1 Refine#0" [stack: 0x000000afb2700000,0x000000afb2800000] [id=19092]
  0x0000025e43607290 ConcurrentGCThread "G1 Service" [stack: 0x000000afb2800000,0x000000afb2900000] [id=30292]

Threads with active compile tasks:
C2 CompilerThread0      312 1017   !   4       java.util.concurrent.ConcurrentHashMap::putVal (432 bytes)
C2 CompilerThread1      313 1100       4       java.util.concurrent.ConcurrentHashMap::get (162 bytes)
C2 CompilerThread2      313 1099       4       sun.security.util.math.intpoly.IntegerPolynomial$MutableElement::setProduct (31 bytes)

VM state: not at safepoint (normal execution)

VM Mutex/Monitor currently owned by a thread:  ([mutex/lock_event])
[0x0000025e1b381dd0] CodeCache_lock - owner thread: 0x0000000000000000

Heap address: 0x0000000603800000, size: 8136 MB, Compressed Oops mode: Zero based, Oop shift amount: 3

CDS archive(s) not mapped
Compressed class space mapped at: 0x0000000800000000-0x0000000840000000, reserved size: 1073741824
Narrow klass base: 0x0000000800000000, Narrow klass shift: 0, Narrow klass range: 0x40000000

GC Precious Log:
 CPUs: 20 total, 20 available
 Memory: 32532M
 Large Page Support: Disabled
 NUMA Support: Disabled
 Compressed Oops: Enabled (Zero based)
 Heap Region Size: 4M
 Heap Min Capacity: 8M
 Heap Initial Capacity: 512M
 Heap Max Capacity: 8136M
 Pre-touch: Disabled
 Parallel Workers: 15
 Concurrent Workers: 4
 Concurrent Refinement Workers: 15
 Periodic GC: Disabled

Heap:
 garbage-first heap   total 524288K, used 12288K [0x0000000603800000, 0x0000000800000000)
  region size 4096K, 4 young (16384K), 0 survivors (0K)
 Metaspace       used 15661K, committed 15808K, reserved 1114112K
  class space    used 1632K, committed 1728K, reserved 1048576K

Heap Regions: E=young(eden), S=young(survivor), O=old, HS=humongous(starts), HC=humongous(continues), CS=collection set, F=free, OA=open archive, CA=closed archive, TAMS=top-at-mark-start (previous, next)
|   0|0x0000000603800000, 0x0000000603800000, 0x0000000603c00000|  0%| F|  |TAMS 0x0000000603800000, 0x0000000603800000| Untracked 
|   1|0x0000000603c00000, 0x0000000603c00000, 0x0000000604000000|  0%| F|  |TAMS 0x0000000603c00000, 0x0000000603c00000| Untracked 
|   2|0x0000000604000000, 0x0000000604000000, 0x0000000604400000|  0%| F|  |TAMS 0x0000000604000000, 0x0000000604000000| Untracked 
|   3|0x0000000604400000, 0x0000000604400000, 0x0000000604800000|  0%| F|  |TAMS 0x0000000604400000, 0x0000000604400000| Untracked 
|   4|0x0000000604800000, 0x0000000604800000, 0x0000000604c00000|  0%| F|  |TAMS 0x0000000604800000, 0x0000000604800000| Untracked 
|   5|0x0000000604c00000, 0x0000000604c00000, 0x0000000605000000|  0%| F|  |TAMS 0x0000000604c00000, 0x0000000604c00000| Untracked 
|   6|0x0000000605000000, 0x0000000605000000, 0x0000000605400000|  0%| F|  |TAMS 0x0000000605000000, 0x0000000605000000| Untracked 
|   7|0x0000000605400000, 0x0000000605400000, 0x0000000605800000|  0%| F|  |TAMS 0x0000000605400000, 0x0000000605400000| Untracked 
|   8|0x0000000605800000, 0x0000000605800000, 0x0000000605c00000|  0%| F|  |TAMS 0x0000000605800000, 0x0000000605800000| Untracked 
|   9|0x0000000605c00000, 0x0000000605c00000, 0x0000000606000000|  0%| F|  |TAMS 0x0000000605c00000, 0x0000000605c00000| Untracked 
|  10|0x0000000606000000, 0x0000000606000000, 0x0000000606400000|  0%| F|  |TAMS 0x0000000606000000, 0x0000000606000000| Untracked 
|  11|0x0000000606400000, 0x0000000606400000, 0x0000000606800000|  0%| F|  |TAMS 0x0000000606400000, 0x0000000606400000| Untracked 
|  12|0x0000000606800000, 0x0000000606800000, 0x0000000606c00000|  0%| F|  |TAMS 0x0000000606800000, 0x0000000606800000| Untracked 
|  13|0x0000000606c00000, 0x0000000606c00000, 0x0000000607000000|  0%| F|  |TAMS 0x0000000606c00000, 0x0000000606c00000| Untracked 
|  14|0x0000000607000000, 0x0000000607000000, 0x0000000607400000|  0%| F|  |TAMS 0x0000000607000000, 0x0000000607000000| Untracked 
|  15|0x0000000607400000, 0x0000000607400000, 0x0000000607800000|  0%| F|  |TAMS 0x0000000607400000, 0x0000000607400000| Untracked 
|  16|0x0000000607800000, 0x0000000607800000, 0x0000000607c00000|  0%| F|  |TAMS 0x0000000607800000, 0x0000000607800000| Untracked 
|  17|0x0000000607c00000, 0x0000000607c00000, 0x0000000608000000|  0%| F|  |TAMS 0x0000000607c00000, 0x0000000607c00000| Untracked 
|  18|0x0000000608000000, 0x0000000608000000, 0x0000000608400000|  0%| F|  |TAMS 0x0000000608000000, 0x0000000608000000| Untracked 
|  19|0x0000000608400000, 0x0000000608400000, 0x0000000608800000|  0%| F|  |TAMS 0x0000000608400000, 0x0000000608400000| Untracked 
|  20|0x0000000608800000, 0x0000000608800000, 0x0000000608c00000|  0%| F|  |TAMS 0x0000000608800000, 0x0000000608800000| Untracked 
|  21|0x0000000608c00000, 0x0000000608c00000, 0x0000000609000000|  0%| F|  |TAMS 0x0000000608c00000, 0x0000000608c00000| Untracked 
|  22|0x0000000609000000, 0x0000000609000000, 0x0000000609400000|  0%| F|  |TAMS 0x0000000609000000, 0x0000000609000000| Untracked 
|  23|0x0000000609400000, 0x0000000609400000, 0x0000000609800000|  0%| F|  |TAMS 0x0000000609400000, 0x0000000609400000| Untracked 
|  24|0x0000000609800000, 0x0000000609800000, 0x0000000609c00000|  0%| F|  |TAMS 0x0000000609800000, 0x0000000609800000| Untracked 
|  25|0x0000000609c00000, 0x0000000609c00000, 0x000000060a000000|  0%| F|  |TAMS 0x0000000609c00000, 0x0000000609c00000| Untracked 
|  26|0x000000060a000000, 0x000000060a000000, 0x000000060a400000|  0%| F|  |TAMS 0x000000060a000000, 0x000000060a000000| Untracked 
|  27|0x000000060a400000, 0x000000060a400000, 0x000000060a800000|  0%| F|  |TAMS 0x000000060a400000, 0x000000060a400000| Untracked 
|  28|0x000000060a800000, 0x000000060a800000, 0x000000060ac00000|  0%| F|  |TAMS 0x000000060a800000, 0x000000060a800000| Untracked 
|  29|0x000000060ac00000, 0x000000060ac00000, 0x000000060b000000|  0%| F|  |TAMS 0x000000060ac00000, 0x000000060ac00000| Untracked 
|  30|0x000000060b000000, 0x000000060b000000, 0x000000060b400000|  0%| F|  |TAMS 0x000000060b000000, 0x000000060b000000| Untracked 
|  31|0x000000060b400000, 0x000000060b400000, 0x000000060b800000|  0%| F|  |TAMS 0x000000060b400000, 0x000000060b400000| Untracked 
|  32|0x000000060b800000, 0x000000060b800000, 0x000000060bc00000|  0%| F|  |TAMS 0x000000060b800000, 0x000000060b800000| Untracked 
|  33|0x000000060bc00000, 0x000000060bc00000, 0x000000060c000000|  0%| F|  |TAMS 0x000000060bc00000, 0x000000060bc00000| Untracked 
|  34|0x000000060c000000, 0x000000060c000000, 0x000000060c400000|  0%| F|  |TAMS 0x000000060c000000, 0x000000060c000000| Untracked 
|  35|0x000000060c400000, 0x000000060c400000, 0x000000060c800000|  0%| F|  |TAMS 0x000000060c400000, 0x000000060c400000| Untracked 
|  36|0x000000060c800000, 0x000000060c800000, 0x000000060cc00000|  0%| F|  |TAMS 0x000000060c800000, 0x000000060c800000| Untracked 
|  37|0x000000060cc00000, 0x000000060cc00000, 0x000000060d000000|  0%| F|  |TAMS 0x000000060cc00000, 0x000000060cc00000| Untracked 
|  38|0x000000060d000000, 0x000000060d000000, 0x000000060d400000|  0%| F|  |TAMS 0x000000060d000000, 0x000000060d000000| Untracked 
|  39|0x000000060d400000, 0x000000060d400000, 0x000000060d800000|  0%| F|  |TAMS 0x000000060d400000, 0x000000060d400000| Untracked 
|  40|0x000000060d800000, 0x000000060d800000, 0x000000060dc00000|  0%| F|  |TAMS 0x000000060d800000, 0x000000060d800000| Untracked 
|  41|0x000000060dc00000, 0x000000060dc00000, 0x000000060e000000|  0%| F|  |TAMS 0x000000060dc00000, 0x000000060dc00000| Untracked 
|  42|0x000000060e000000, 0x000000060e000000, 0x000000060e400000|  0%| F|  |TAMS 0x000000060e000000, 0x000000060e000000| Untracked 
|  43|0x000000060e400000, 0x000000060e400000, 0x000000060e800000|  0%| F|  |TAMS 0x000000060e400000, 0x000000060e400000| Untracked 
|  44|0x000000060e800000, 0x000000060e800000, 0x000000060ec00000|  0%| F|  |TAMS 0x000000060e800000, 0x000000060e800000| Untracked 
|  45|0x000000060ec00000, 0x000000060ec00000, 0x000000060f000000|  0%| F|  |TAMS 0x000000060ec00000, 0x000000060ec00000| Untracked 
|  46|0x000000060f000000, 0x000000060f000000, 0x000000060f400000|  0%| F|  |TAMS 0x000000060f000000, 0x000000060f000000| Untracked 
|  47|0x000000060f400000, 0x000000060f400000, 0x000000060f800000|  0%| F|  |TAMS 0x000000060f400000, 0x000000060f400000| Untracked 
|  48|0x000000060f800000, 0x000000060f800000, 0x000000060fc00000|  0%| F|  |TAMS 0x000000060f800000, 0x000000060f800000| Untracked 
|  49|0x000000060fc00000, 0x000000060fc00000, 0x0000000610000000|  0%| F|  |TAMS 0x000000060fc00000, 0x000000060fc00000| Untracked 
|  50|0x0000000610000000, 0x0000000610000000, 0x0000000610400000|  0%| F|  |TAMS 0x0000000610000000, 0x0000000610000000| Untracked 
|  51|0x0000000610400000, 0x0000000610400000, 0x0000000610800000|  0%| F|  |TAMS 0x0000000610400000, 0x0000000610400000| Untracked 
|  52|0x0000000610800000, 0x0000000610800000, 0x0000000610c00000|  0%| F|  |TAMS 0x0000000610800000, 0x0000000610800000| Untracked 
|  53|0x0000000610c00000, 0x0000000610c00000, 0x0000000611000000|  0%| F|  |TAMS 0x0000000610c00000, 0x0000000610c00000| Untracked 
|  54|0x0000000611000000, 0x0000000611000000, 0x0000000611400000|  0%| F|  |TAMS 0x0000000611000000, 0x0000000611000000| Untracked 
|  55|0x0000000611400000, 0x0000000611400000, 0x0000000611800000|  0%| F|  |TAMS 0x0000000611400000, 0x0000000611400000| Untracked 
|  56|0x0000000611800000, 0x0000000611800000, 0x0000000611c00000|  0%| F|  |TAMS 0x0000000611800000, 0x0000000611800000| Untracked 
|  57|0x0000000611c00000, 0x0000000611c00000, 0x0000000612000000|  0%| F|  |TAMS 0x0000000611c00000, 0x0000000611c00000| Untracked 
|  58|0x0000000612000000, 0x0000000612000000, 0x0000000612400000|  0%| F|  |TAMS 0x0000000612000000, 0x0000000612000000| Untracked 
|  59|0x0000000612400000, 0x0000000612400000, 0x0000000612800000|  0%| F|  |TAMS 0x0000000612400000, 0x0000000612400000| Untracked 
|  60|0x0000000612800000, 0x0000000612800000, 0x0000000612c00000|  0%| F|  |TAMS 0x0000000612800000, 0x0000000612800000| Untracked 
|  61|0x0000000612c00000, 0x0000000612c00000, 0x0000000613000000|  0%| F|  |TAMS 0x0000000612c00000, 0x0000000612c00000| Untracked 
|  62|0x0000000613000000, 0x0000000613000000, 0x0000000613400000|  0%| F|  |TAMS 0x0000000613000000, 0x0000000613000000| Untracked 
|  63|0x0000000613400000, 0x0000000613400000, 0x0000000613800000|  0%| F|  |TAMS 0x0000000613400000, 0x0000000613400000| Untracked 
|  64|0x0000000613800000, 0x0000000613800000, 0x0000000613c00000|  0%| F|  |TAMS 0x0000000613800000, 0x0000000613800000| Untracked 
|  65|0x0000000613c00000, 0x0000000613c00000, 0x0000000614000000|  0%| F|  |TAMS 0x0000000613c00000, 0x0000000613c00000| Untracked 
|  66|0x0000000614000000, 0x0000000614000000, 0x0000000614400000|  0%| F|  |TAMS 0x0000000614000000, 0x0000000614000000| Untracked 
|  67|0x0000000614400000, 0x0000000614400000, 0x0000000614800000|  0%| F|  |TAMS 0x0000000614400000, 0x0000000614400000| Untracked 
|  68|0x0000000614800000, 0x0000000614800000, 0x0000000614c00000|  0%| F|  |TAMS 0x0000000614800000, 0x0000000614800000| Untracked 
|  69|0x0000000614c00000, 0x0000000614c00000, 0x0000000615000000|  0%| F|  |TAMS 0x0000000614c00000, 0x0000000614c00000| Untracked 
|  70|0x0000000615000000, 0x0000000615000000, 0x0000000615400000|  0%| F|  |TAMS 0x0000000615000000, 0x0000000615000000| Untracked 
|  71|0x0000000615400000, 0x0000000615400000, 0x0000000615800000|  0%| F|  |TAMS 0x0000000615400000, 0x0000000615400000| Untracked 
|  72|0x0000000615800000, 0x0000000615800000, 0x0000000615c00000|  0%| F|  |TAMS 0x0000000615800000, 0x0000000615800000| Untracked 
|  73|0x0000000615c00000, 0x0000000615c00000, 0x0000000616000000|  0%| F|  |TAMS 0x0000000615c00000, 0x0000000615c00000| Untracked 
|  74|0x0000000616000000, 0x0000000616000000, 0x0000000616400000|  0%| F|  |TAMS 0x0000000616000000, 0x0000000616000000| Untracked 
|  75|0x0000000616400000, 0x0000000616400000, 0x0000000616800000|  0%| F|  |TAMS 0x0000000616400000, 0x0000000616400000| Untracked 
|  76|0x0000000616800000, 0x0000000616800000, 0x0000000616c00000|  0%| F|  |TAMS 0x0000000616800000, 0x0000000616800000| Untracked 
|  77|0x0000000616c00000, 0x0000000616c00000, 0x0000000617000000|  0%| F|  |TAMS 0x0000000616c00000, 0x0000000616c00000| Untracked 
|  78|0x0000000617000000, 0x0000000617000000, 0x0000000617400000|  0%| F|  |TAMS 0x0000000617000000, 0x0000000617000000| Untracked 
|  79|0x0000000617400000, 0x0000000617400000, 0x0000000617800000|  0%| F|  |TAMS 0x0000000617400000, 0x0000000617400000| Untracked 
|  80|0x0000000617800000, 0x0000000617800000, 0x0000000617c00000|  0%| F|  |TAMS 0x0000000617800000, 0x0000000617800000| Untracked 
|  81|0x0000000617c00000, 0x0000000617c00000, 0x0000000618000000|  0%| F|  |TAMS 0x0000000617c00000, 0x0000000617c00000| Untracked 
|  82|0x0000000618000000, 0x0000000618000000, 0x0000000618400000|  0%| F|  |TAMS 0x0000000618000000, 0x0000000618000000| Untracked 
|  83|0x0000000618400000, 0x0000000618400000, 0x0000000618800000|  0%| F|  |TAMS 0x0000000618400000, 0x0000000618400000| Untracked 
|  84|0x0000000618800000, 0x0000000618800000, 0x0000000618c00000|  0%| F|  |TAMS 0x0000000618800000, 0x0000000618800000| Untracked 
|  85|0x0000000618c00000, 0x0000000618c00000, 0x0000000619000000|  0%| F|  |TAMS 0x0000000618c00000, 0x0000000618c00000| Untracked 
|  86|0x0000000619000000, 0x0000000619000000, 0x0000000619400000|  0%| F|  |TAMS 0x0000000619000000, 0x0000000619000000| Untracked 
|  87|0x0000000619400000, 0x0000000619400000, 0x0000000619800000|  0%| F|  |TAMS 0x0000000619400000, 0x0000000619400000| Untracked 
|  88|0x0000000619800000, 0x0000000619800000, 0x0000000619c00000|  0%| F|  |TAMS 0x0000000619800000, 0x0000000619800000| Untracked 
|  89|0x0000000619c00000, 0x0000000619c00000, 0x000000061a000000|  0%| F|  |TAMS 0x0000000619c00000, 0x0000000619c00000| Untracked 
|  90|0x000000061a000000, 0x000000061a000000, 0x000000061a400000|  0%| F|  |TAMS 0x000000061a000000, 0x000000061a000000| Untracked 
|  91|0x000000061a400000, 0x000000061a400000, 0x000000061a800000|  0%| F|  |TAMS 0x000000061a400000, 0x000000061a400000| Untracked 
|  92|0x000000061a800000, 0x000000061a800000, 0x000000061ac00000|  0%| F|  |TAMS 0x000000061a800000, 0x000000061a800000| Untracked 
|  93|0x000000061ac00000, 0x000000061ac00000, 0x000000061b000000|  0%| F|  |TAMS 0x000000061ac00000, 0x000000061ac00000| Untracked 
|  94|0x000000061b000000, 0x000000061b000000, 0x000000061b400000|  0%| F|  |TAMS 0x000000061b000000, 0x000000061b000000| Untracked 
|  95|0x000000061b400000, 0x000000061b400000, 0x000000061b800000|  0%| F|  |TAMS 0x000000061b400000, 0x000000061b400000| Untracked 
|  96|0x000000061b800000, 0x000000061b800000, 0x000000061bc00000|  0%| F|  |TAMS 0x000000061b800000, 0x000000061b800000| Untracked 
|  97|0x000000061bc00000, 0x000000061bc00000, 0x000000061c000000|  0%| F|  |TAMS 0x000000061bc00000, 0x000000061bc00000| Untracked 
|  98|0x000000061c000000, 0x000000061c000000, 0x000000061c400000|  0%| F|  |TAMS 0x000000061c000000, 0x000000061c000000| Untracked 
|  99|0x000000061c400000, 0x000000061c400000, 0x000000061c800000|  0%| F|  |TAMS 0x000000061c400000, 0x000000061c400000| Untracked 
| 100|0x000000061c800000, 0x000000061c800000, 0x000000061cc00000|  0%| F|  |TAMS 0x000000061c800000, 0x000000061c800000| Untracked 
| 101|0x000000061cc00000, 0x000000061cc00000, 0x000000061d000000|  0%| F|  |TAMS 0x000000061cc00000, 0x000000061cc00000| Untracked 
| 102|0x000000061d000000, 0x000000061d000000, 0x000000061d400000|  0%| F|  |TAMS 0x000000061d000000, 0x000000061d000000| Untracked 
| 103|0x000000061d400000, 0x000000061d400000, 0x000000061d800000|  0%| F|  |TAMS 0x000000061d400000, 0x000000061d400000| Untracked 
| 104|0x000000061d800000, 0x000000061d800000, 0x000000061dc00000|  0%| F|  |TAMS 0x000000061d800000, 0x000000061d800000| Untracked 
| 105|0x000000061dc00000, 0x000000061dc00000, 0x000000061e000000|  0%| F|  |TAMS 0x000000061dc00000, 0x000000061dc00000| Untracked 
| 106|0x000000061e000000, 0x000000061e000000, 0x000000061e400000|  0%| F|  |TAMS 0x000000061e000000, 0x000000061e000000| Untracked 
| 107|0x000000061e400000, 0x000000061e400000, 0x000000061e800000|  0%| F|  |TAMS 0x000000061e400000, 0x000000061e400000| Untracked 
| 108|0x000000061e800000, 0x000000061e800000, 0x000000061ec00000|  0%| F|  |TAMS 0x000000061e800000, 0x000000061e800000| Untracked 
| 109|0x000000061ec00000, 0x000000061ec00000, 0x000000061f000000|  0%| F|  |TAMS 0x000000061ec00000, 0x000000061ec00000| Untracked 
| 110|0x000000061f000000, 0x000000061f000000, 0x000000061f400000|  0%| F|  |TAMS 0x000000061f000000, 0x000000061f000000| Untracked 
| 111|0x000000061f400000, 0x000000061f400000, 0x000000061f800000|  0%| F|  |TAMS 0x000000061f400000, 0x000000061f400000| Untracked 
| 112|0x000000061f800000, 0x000000061f800000, 0x000000061fc00000|  0%| F|  |TAMS 0x000000061f800000, 0x000000061f800000| Untracked 
| 113|0x000000061fc00000, 0x000000061fc00000, 0x0000000620000000|  0%| F|  |TAMS 0x000000061fc00000, 0x000000061fc00000| Untracked 
| 114|0x0000000620000000, 0x0000000620000000, 0x0000000620400000|  0%| F|  |TAMS 0x0000000620000000, 0x0000000620000000| Untracked 
| 115|0x0000000620400000, 0x0000000620400000, 0x0000000620800000|  0%| F|  |TAMS 0x0000000620400000, 0x0000000620400000| Untracked 
| 116|0x0000000620800000, 0x0000000620800000, 0x0000000620c00000|  0%| F|  |TAMS 0x0000000620800000, 0x0000000620800000| Untracked 
| 117|0x0000000620c00000, 0x0000000620c00000, 0x0000000621000000|  0%| F|  |TAMS 0x0000000620c00000, 0x0000000620c00000| Untracked 
| 118|0x0000000621000000, 0x0000000621000000, 0x0000000621400000|  0%| F|  |TAMS 0x0000000621000000, 0x0000000621000000| Untracked 
| 119|0x0000000621400000, 0x0000000621400000, 0x0000000621800000|  0%| F|  |TAMS 0x0000000621400000, 0x0000000621400000| Untracked 
| 120|0x0000000621800000, 0x0000000621800000, 0x0000000621c00000|  0%| F|  |TAMS 0x0000000621800000, 0x0000000621800000| Untracked 
| 121|0x0000000621c00000, 0x0000000621c00000, 0x0000000622000000|  0%| F|  |TAMS 0x0000000621c00000, 0x0000000621c00000| Untracked 
| 122|0x0000000622000000, 0x0000000622000000, 0x0000000622400000|  0%| F|  |TAMS 0x0000000622000000, 0x0000000622000000| Untracked 
| 123|0x0000000622400000, 0x0000000622400000, 0x0000000622800000|  0%| F|  |TAMS 0x0000000622400000, 0x0000000622400000| Untracked 
| 124|0x0000000622800000, 0x0000000622b64e68, 0x0000000622c00000| 84%| E|  |TAMS 0x0000000622800000, 0x0000000622800000| Complete 
| 125|0x0000000622c00000, 0x0000000623000000, 0x0000000623000000|100%| E|CS|TAMS 0x0000000622c00000, 0x0000000622c00000| Complete 
| 126|0x0000000623000000, 0x0000000623400000, 0x0000000623400000|100%| E|CS|TAMS 0x0000000623000000, 0x0000000623000000| Complete 
| 127|0x0000000623400000, 0x0000000623800000, 0x0000000623800000|100%| E|CS|TAMS 0x0000000623400000, 0x0000000623400000| Complete 

Card table byte_map: [0x0000025e315e0000,0x0000025e325d0000] _byte_map_base: 0x0000025e2e5c4000

Marking Bits (Prev, Next): (CMBitMap*) 0x0000025e1d72d950, (CMBitMap*) 0x0000025e1d72d990
 Prev Bits: [0x0000025e335c0000, 0x0000025e3b4e0000)
 Next Bits: [0x0000025e3b4e0000, 0x0000025e43400000)

Polling page: 0x0000025e1b5a0000

Metaspace:

Usage:
  Non-class:     13.88 MB used.
      Class:      1.61 MB used.
       Both:     15.49 MB used.

Virtual space:
  Non-class space:       64.00 MB reserved,      13.94 MB ( 22%) committed,  1 nodes.
      Class space:        1.00 GB reserved,       1.75 MB ( <1%) committed,  1 nodes.
             Both:        1.06 GB reserved,      15.69 MB (  1%) committed. 

Chunk freelists:
   Non-Class:  2.00 MB
       Class:  14.23 MB
        Both:  16.24 MB

MaxMetaspaceSize: unlimited
CompressedClassSpaceSize: 1.00 GB
Initial GC threshold: 21.00 MB
Current GC threshold: 21.00 MB
CDS: off
MetaspaceReclaimPolicy: balanced
 - commit_granule_bytes: 65536.
 - commit_granule_words: 8192.
 - virtual_space_node_default_size: 8388608.
 - enlarge_chunks_in_place: 1.
 - new_chunks_are_fully_committed: 0.
 - uncommit_free_chunks: 1.
 - use_allocation_guard: 0.
 - handle_deallocations: 1.


Internal statistics:

num_allocs_failed_limit: 0.
num_arena_births: 124.
num_arena_deaths: 0.
num_vsnodes_births: 2.
num_vsnodes_deaths: 0.
num_space_committed: 252.
num_space_uncommitted: 0.
num_chunks_returned_to_freelist: 0.
num_chunks_taken_from_freelist: 252.
num_chunk_merges: 0.
num_chunk_splits: 145.
num_chunks_enlarged: 92.
num_inconsistent_stats: 0.

CodeHeap 'non-profiled nmethods': size=119168Kb used=299Kb max_used=299Kb free=118868Kb
 bounds [0x0000025e286f0000, 0x0000025e28960000, 0x0000025e2fb50000]
CodeHeap 'profiled nmethods': size=119104Kb used=1916Kb max_used=1916Kb free=117187Kb
 bounds [0x0000025e20b50000, 0x0000025e20dc0000, 0x0000025e27fa0000]
CodeHeap 'non-nmethods': size=7488Kb used=2882Kb max_used=2909Kb free=4605Kb
 bounds [0x0000025e27fa0000, 0x0000025e28280000, 0x0000025e286f0000]
 total_blobs=1596 nmethods=1108 adapters=398
 compilation: enabled
              stopped_count=0, restarted_count=0
 full_count=0

Compilation events (20 events):
Event: 0.301 Thread 0x0000025e4698fc30 nmethod 1068 0x0000025e20d1ab10 code [0x0000025e20d1ace0, 0x0000025e20d1ba28]
Event: 0.301 Thread 0x0000025e468263b0 1071       3       sun.security.util.math.intpoly.IntegerPolynomial::conditionalAssign (46 bytes)
Event: 0.301 Thread 0x0000025e4698fc30 1072       3       sun.security.util.math.intpoly.IntegerPolynomial$MutableElement::conditionalSet (26 bytes)
Event: 0.301 Thread 0x0000025e4698ef00 nmethod 1070 0x0000025e20d1bd90 code [0x0000025e20d1bf40, 0x0000025e20d1c438]
Event: 0.301 Thread 0x0000025e468263b0 nmethod 1071 0x0000025e20d1c690 code [0x0000025e20d1c840, 0x0000025e20d1ca38]
Event: 0.301 Thread 0x0000025e4698fc30 nmethod 1072 0x0000025e20d1cb90 code [0x0000025e20d1cd40, 0x0000025e20d1cfa8]
Event: 0.301 Thread 0x0000025e4698fc30 1073       3       sun.security.util.math.intpoly.IntegerPolynomial$MutableElement::setReduced (5 bytes)
Event: 0.301 Thread 0x0000025e468263b0 1074       3       sun.security.util.math.intpoly.IntegerPolynomial$MutableElement::setReduced (18 bytes)
Event: 0.301 Thread 0x0000025e4b4e2c90 1075       4       sun.security.util.math.intpoly.IntegerPolynomial$MutableElement::setSum (84 bytes)
Event: 0.301 Thread 0x0000025e468263b0 nmethod 1074 0x0000025e20d1d090 code [0x0000025e20d1d240, 0x0000025e20d1d448]
Event: 0.301 Thread 0x0000025e4698fc30 nmethod 1073 0x0000025e20d1d510 code [0x0000025e20d1d6c0, 0x0000025e20d1d928]
Event: 0.301 Thread 0x0000025e4698fc30 1076       3       sun.security.ec.point.ProjectivePoint$Mutable::conditionalSet (29 bytes)
Event: 0.301 Thread 0x0000025e4698e9f0 1077       3       sun.security.ec.point.ProjectivePoint$Mutable::conditionalSet (53 bytes)
Event: 0.301 Thread 0x0000025e4698fc30 nmethod 1076 0x0000025e20d1da10 code [0x0000025e20d1dbe0, 0x0000025e20d1e018]
Event: 0.301 Thread 0x0000025e4698fc30 1079       3       sun.security.util.math.intpoly.IntegerPolynomialP256::square (613 bytes)
Event: 0.301 Thread 0x0000025e4698e9f0 nmethod 1077 0x0000025e20d1e110 code [0x0000025e20d1e340, 0x0000025e20d1ee08]
Event: 0.301 Thread 0x0000025e4698fc30 nmethod 1079 0x0000025e20d1f190 code [0x0000025e20d1f340, 0x0000025e20d1fbc8]
Event: 0.302 Thread 0x0000025e4698fc30 1084       3       sun.security.ec.ECOperations::setDouble (559 bytes)
Event: 0.302 Thread 0x0000025e468263b0 1085       3       java.io.ByteArrayOutputStream::<init> (43 bytes)
Event: 0.303 Thread 0x0000025e468263b0 nmethod 1085 0x0000025e20d1fe10 code [0x0000025e20d20060, 0x0000025e20d20898]

GC Heap History (0 events):
No events

Dll operation events (1 events):
Event: 0.006 Loaded shared library C:\Program Files\Android\Android Studio\jbr\bin\java.dll

Deoptimization events (12 events):
Event: 0.189 Thread 0x0000025e1d6811c0 DEOPT PACKING pc=0x0000025e20b8df2d sp=0x000000afb23fdea0
Event: 0.189 Thread 0x0000025e1d6811c0 DEOPT UNPACKING pc=0x0000025e27ff7143 sp=0x000000afb23fd338 mode 0
Event: 0.228 Thread 0x0000025e1d6811c0 DEOPT PACKING pc=0x0000025e20b67f67 sp=0x000000afb23fc330
Event: 0.228 Thread 0x0000025e1d6811c0 DEOPT UNPACKING pc=0x0000025e27ff7143 sp=0x000000afb23fb750 mode 0
Event: 0.243 Thread 0x0000025e1d6811c0 Uncommon trap: trap_request=0xffffff45 fr.pc=0x0000025e2870fa7c relative=0x00000000000003dc
Event: 0.243 Thread 0x0000025e1d6811c0 Uncommon trap: reason=unstable_if action=reinterpret pc=0x0000025e2870fa7c method=java.lang.StringLatin1.newString([BII)Ljava/lang/String; @ 1 c2
Event: 0.243 Thread 0x0000025e1d6811c0 DEOPT PACKING pc=0x0000025e2870fa7c sp=0x000000afb23fe640
Event: 0.243 Thread 0x0000025e1d6811c0 DEOPT UNPACKING pc=0x0000025e27ff69a3 sp=0x000000afb23fe608 mode 2
Event: 0.273 Thread 0x0000025e4b339580 Uncommon trap: trap_request=0xffffff45 fr.pc=0x0000025e287202dc relative=0x000000000000029c
Event: 0.273 Thread 0x0000025e4b339580 Uncommon trap: reason=unstable_if action=reinterpret pc=0x0000025e287202dc method=java.lang.invoke.VarHandle.checkExactAccessMode(Ljava/lang/invoke/VarHandle$AccessDescriptor;)V @ 4 c2
Event: 0.273 Thread 0x0000025e4b339580 DEOPT PACKING pc=0x0000025e287202dc sp=0x000000afb39ff3e0
Event: 0.273 Thread 0x0000025e4b339580 DEOPT UNPACKING pc=0x0000025e27ff69a3 sp=0x000000afb39ff350 mode 2

Classes unloaded (0 events):
No events

Classes redefined (0 events):
No events

Internal exceptions (20 events):
Event: 0.129 Thread 0x0000025e1d6811c0 Exception <a 'java/lang/NoSuchMethodError'{0x000000062303f088}: 'void java.lang.invoke.DirectMethodHandle$Holder.invokeStaticInit(java.lang.Object, java.lang.Object)'> (0x000000062303f088) 
thrown [s\src\hotspot\share\interpreter\linkResolver.cpp, line 771]
Event: 0.130 Thread 0x0000025e1d6811c0 Exception <a 'java/lang/NoSuchMethodError'{0x0000000623045ae0}: 'int java.lang.invoke.DirectMethodHandle$Holder.invokeStaticInit(java.lang.Object, java.lang.Object)'> (0x0000000623045ae0) 
thrown [s\src\hotspot\share\interpreter\linkResolver.cpp, line 771]
Event: 0.148 Thread 0x0000025e1d6811c0 Exception <a 'java/lang/NoSuchMethodError'{0x00000006232215a0}: 'java.lang.Object java.lang.invoke.DirectMethodHandle$Holder.invokeStaticInit(java.lang.Object, int, int, int, int)'> (0x00000006232215a0) 
thrown [s\src\hotspot\share\interpreter\linkResolver.cpp, line 771]
Event: 0.193 Thread 0x0000025e1d6811c0 Exception <a 'java/lang/NoSuchMethodError'{0x0000000623337b20}: 'java.lang.Object java.lang.invoke.DirectMethodHandle$Holder.invokeStaticInit(java.lang.Object, java.lang.Object, int, int, int, int)'> (0x0000000623337b20) 
thrown [s\src\hotspot\share\interpreter\linkResolver.cpp, line 771]
Event: 0.198 Thread 0x0000025e1d6811c0 Exception <a 'java/lang/NoSuchMethodError'{0x00000006233a0760}: 'java.lang.Object java.lang.invoke.DirectMethodHandle$Holder.invokeStatic(java.lang.Object, java.lang.Object, int)'> (0x00000006233a0760) 
thrown [s\src\hotspot\share\interpreter\linkResolver.cpp, line 771]
Event: 0.198 Thread 0x0000025e1d6811c0 Exception <a 'java/lang/NoSuchMethodError'{0x00000006233a3ed8}: 'java.lang.Object java.lang.invoke.DirectMethodHandle$Holder.invokeStaticInit(java.lang.Object, java.lang.Object, int)'> (0x00000006233a3ed8) 
thrown [s\src\hotspot\share\interpreter\linkResolver.cpp, line 771]
Event: 0.198 Thread 0x0000025e1d6811c0 Exception <a 'java/lang/NoSuchMethodError'{0x00000006233aa288}: 'java.lang.Object java.lang.invoke.DirectMethodHandle$Holder.newInvokeSpecial(java.lang.Object, java.lang.Object, int)'> (0x00000006233aa288) 
thrown [s\src\hotspot\share\interpreter\linkResolver.cpp, line 771]
Event: 0.200 Thread 0x0000025e1d6811c0 Exception <a 'java/lang/NoSuchMethodError'{0x00000006233b9968}: 'int java.lang.invoke.DirectMethodHandle$Holder.invokeStaticInit(java.lang.Object, java.lang.Object, java.lang.Object)'> (0x00000006233b9968) 
thrown [s\src\hotspot\share\interpreter\linkResolver.cpp, line 771]
Event: 0.201 Thread 0x0000025e1d6811c0 Exception <a 'java/lang/NoSuchMethodError'{0x00000006233c9b48}: 'int java.lang.invoke.DirectMethodHandle$Holder.invokeSpecial(java.lang.Object, java.lang.Object, java.lang.Object)'> (0x00000006233c9b48) 
thrown [s\src\hotspot\share\interpreter\linkResolver.cpp, line 771]
Event: 0.201 Thread 0x0000025e1d6811c0 Exception <a 'java/lang/NoSuchMethodError'{0x00000006233d1f28}: 'int java.lang.invoke.DirectMethodHandle$Holder.invokeSpecialIFC(java.lang.Object, java.lang.Object, java.lang.Object)'> (0x00000006233d1f28) 
thrown [s\src\hotspot\share\interpreter\linkResolver.cpp, line 771]
Event: 0.215 Thread 0x0000025e1d6811c0 Exception <a 'java/lang/NoSuchMethodError'{0x0000000622c5e4e8}: 'java.lang.Object java.lang.invoke.DirectMethodHandle$Holder.invokeStaticInit(java.lang.Object)'> (0x0000000622c5e4e8) 
thrown [s\src\hotspot\share\interpreter\linkResolver.cpp, line 771]
Event: 0.248 Thread 0x0000025e1d6811c0 Exception <a 'java/lang/NoSuchMethodError'{0x0000000622e22368}: 'java.lang.Object java.lang.invoke.DirectMethodHandle$Holder.newInvokeSpecial(java.lang.Object, java.lang.Object, java.lang.Object, java.lang.Object, java.lang.Object)'> (0x0000000622e22368) 
thrown [s\src\hotspot\share\interpreter\linkResolver.cpp, line 771]
Event: 0.263 Thread 0x0000025e1d6811c0 Exception <a 'java/lang/NoSuchMethodError'{0x0000000622fae088}: 'java.lang.Object java.lang.invoke.DirectMethodHandle$Holder.invokeSpecial(java.lang.Object, java.lang.Object, java.lang.Object, java.lang.Object, int)'> (0x0000000622fae088) 
thrown [s\src\hotspot\share\interpreter\linkResolver.cpp, line 771]
Event: 0.264 Thread 0x0000025e1d6811c0 Exception <a 'java/lang/NoSuchMethodError'{0x0000000622fb1c50}: 'java.lang.Object java.lang.invoke.Invokers$Holder.linkToTargetMethod(java.lang.Object, java.lang.Object, int, java.lang.Object)'> (0x0000000622fb1c50) 
thrown [s\src\hotspot\share\interpreter\linkResolver.cpp, line 771]
Event: 0.268 Thread 0x0000025e1d6811c0 Exception <a 'java/lang/NoSuchMethodError'{0x00000006228131f0}: 'void java.lang.invoke.DirectMethodHandle$Holder.invokeSpecial(java.lang.Object, java.lang.Object, java.lang.Object)'> (0x00000006228131f0) 
thrown [s\src\hotspot\share\interpreter\linkResolver.cpp, line 771]
Event: 0.274 Thread 0x0000025e4b339580 Exception <a 'java/lang/NoSuchMethodError'{0x0000000622d963d0}: 'void java.lang.invoke.DirectMethodHandle$Holder.invokeStatic(java.lang.Object, java.lang.Object, int)'> (0x0000000622d963d0) 
thrown [s\src\hotspot\share\interpreter\linkResolver.cpp, line 771]
Event: 0.274 Thread 0x0000025e1d6811c0 Exception <a 'java/lang/NoSuchMethodError'{0x0000000622899538}: 'void java.lang.invoke.DirectMethodHandle$Holder.invokeSpecial(java.lang.Object, java.lang.Object, java.lang.Object, java.lang.Object, java.lang.Object)'> (0x0000000622899538) 
thrown [s\src\hotspot\share\interpreter\linkResolver.cpp, line 771]
Event: 0.277 Thread 0x0000025e4b41e180 Exception <a 'java/lang/NoSuchMethodError'{0x000000062291b040}: 'void java.lang.invoke.DirectMethodHandle$Holder.invokeInterface(java.lang.Object, java.lang.Object, java.lang.Object)'> (0x000000062291b040) 
thrown [s\src\hotspot\share\interpreter\linkResolver.cpp, line 771]
Event: 0.278 Thread 0x0000025e4b41e180 Exception <a 'java/lang/NoSuchMethodError'{0x0000000622931528}: 'int java.lang.invoke.DirectMethodHandle$Holder.invokeStaticInit(java.lang.Object, int, int)'> (0x0000000622931528) 
thrown [s\src\hotspot\share\interpreter\linkResolver.cpp, line 771]
Event: 0.281 Thread 0x0000025e4b41e180 Exception <a 'java/lang/NoSuchMethodError'{0x0000000622974bf0}: 'void java.lang.invoke.DirectMethodHandle$Holder.invokeVirtual(java.lang.Object, java.lang.Object)'> (0x0000000622974bf0) 
thrown [s\src\hotspot\share\interpreter\linkResolver.cpp, line 771]

VM Operations (8 events):
Event: 0.069 Executing VM operation: HandshakeAllThreads
Event: 0.069 Executing VM operation: HandshakeAllThreads done
Event: 0.076 Executing VM operation: HandshakeAllThreads
Event: 0.076 Executing VM operation: HandshakeAllThreads done
Event: 0.155 Executing VM operation: HandshakeAllThreads
Event: 0.155 Executing VM operation: HandshakeAllThreads done
Event: 0.217 Executing VM operation: HandshakeAllThreads
Event: 0.217 Executing VM operation: HandshakeAllThreads done

Events (20 events):
Event: 0.297 loading class sun/security/ssl/ECDHKeyExchange$ECDHEPossession done
Event: 0.298 loading class sun/security/util/math/intpoly/IntegerPolynomialP256
Event: 0.298 loading class sun/security/util/math/intpoly/IntegerPolynomialP256 done
Event: 0.298 loading class sun/security/util/math/intpoly/IntegerPolynomialP384
Event: 0.298 loading class sun/security/util/math/intpoly/IntegerPolynomialP384 done
Event: 0.298 loading class sun/security/util/math/intpoly/IntegerPolynomialP521
Event: 0.298 loading class sun/security/util/math/intpoly/IntegerPolynomialP521 done
Event: 0.298 loading class sun/security/util/math/intpoly/P256OrderField
Event: 0.299 loading class sun/security/util/math/intpoly/P256OrderField done
Event: 0.299 loading class sun/security/util/math/intpoly/P384OrderField
Event: 0.299 loading class sun/security/util/math/intpoly/P384OrderField done
Event: 0.299 loading class sun/security/util/math/intpoly/P521OrderField
Event: 0.299 loading class sun/security/util/math/intpoly/P521OrderField done
Event: 0.302 loading class java/security/interfaces/ECPrivateKey
Event: 0.302 loading class java/security/interfaces/ECPrivateKey done
Event: 0.302 loading class sun/security/util/ArrayUtil
Event: 0.302 loading class sun/security/util/ArrayUtil done
Event: 0.302 loading class java/security/interfaces/ECPublicKey
Event: 0.302 loading class java/security/interfaces/ECPublicKey done
Event: 0.303 loading class sun/security/ssl/KeyShareExtension$CHKeyShareSpec


Dynamic libraries:
0x00007ff714040000 - 0x00007ff71404a000 	C:\Program Files\Android\Android Studio\jbr\bin\java.exe
0x00007ffa627d0000 - 0x00007ffa629e7000 	C:\windows\SYSTEM32\ntdll.dll
0x00007ffa61f10000 - 0x00007ffa61fd4000 	C:\windows\System32\KERNEL32.DLL
0x00007ffa5fea0000 - 0x00007ffa60247000 	C:\windows\System32\KERNELBASE.dll
0x00007ffa5fc60000 - 0x00007ffa5fd71000 	C:\windows\System32\ucrtbase.dll
0x00007ffa32380000 - 0x00007ffa32397000 	C:\Program Files\Android\Android Studio\jbr\bin\jli.dll
0x00007ffa3fce0000 - 0x00007ffa3fcfb000 	C:\Program Files\Android\Android Studio\jbr\bin\VCRUNTIME140.dll
0x00007ffa61280000 - 0x00007ffa6142e000 	C:\windows\System32\USER32.dll
0x00007ffa602c0000 - 0x00007ffa602e6000 	C:\windows\System32\win32u.dll
0x00007ffa60500000 - 0x00007ffa60529000 	C:\windows\System32\GDI32.dll
0x00007ffa5fd80000 - 0x00007ffa5fe99000 	C:\windows\System32\gdi32full.dll
0x00007ffa517f0000 - 0x00007ffa51a83000 	C:\windows\WinSxS\amd64_microsoft.windows.common-controls_6595b64144ccf1df_6.0.22621.3527_none_270e469b73872a76\COMCTL32.dll
0x00007ffa60370000 - 0x00007ffa6040a000 	C:\windows\System32\msvcp_win.dll
0x00007ffa61e50000 - 0x00007ffa61ef7000 	C:\windows\System32\msvcrt.dll
0x00007ffa62750000 - 0x00007ffa62781000 	C:\windows\System32\IMM32.DLL
0x00007ffa4f580000 - 0x00007ffa4f58c000 	C:\Program Files\Android\Android Studio\jbr\bin\vcruntime140_1.dll
0x00007ff9eee60000 - 0x00007ff9eeeed000 	C:\Program Files\Android\Android Studio\jbr\bin\msvcp140.dll
0x00007ffa13a90000 - 0x00007ffa14710000 	C:\Program Files\Android\Android Studio\jbr\bin\server\jvm.dll
0x00007ffa619d0000 - 0x00007ffa61a82000 	C:\windows\System32\ADVAPI32.dll
0x00007ffa61da0000 - 0x00007ffa61e48000 	C:\windows\System32\sechost.dll
0x00007ffa60410000 - 0x00007ffa60438000 	C:\windows\System32\bcrypt.dll
0x00007ffa61ac0000 - 0x00007ffa61bd5000 	C:\windows\System32\RPCRT4.dll
0x00007ffa558e0000 - 0x00007ffa55914000 	C:\windows\SYSTEM32\WINMM.dll
0x00007ffa32790000 - 0x00007ffa32799000 	C:\windows\SYSTEM32\WSOCK32.dll
0x00007ffa558d0000 - 0x00007ffa558da000 	C:\windows\SYSTEM32\VERSION.dll
0x00007ffa61200000 - 0x00007ffa61271000 	C:\windows\System32\WS2_32.dll
0x00007ffa5eb60000 - 0x00007ffa5eb78000 	C:\windows\SYSTEM32\kernel.appcore.dll
0x00007ffa568b0000 - 0x00007ffa568ba000 	C:\Program Files\Android\Android Studio\jbr\bin\jimage.dll
0x00007ffa5ccd0000 - 0x00007ffa5cf02000 	C:\windows\SYSTEM32\DBGHELP.DLL
0x00007ffa61430000 - 0x00007ffa617b8000 	C:\windows\System32\combase.dll
0x00007ffa620e0000 - 0x00007ffa621b7000 	C:\windows\System32\OLEAUT32.dll
0x00007ffa41410000 - 0x00007ffa41442000 	C:\windows\SYSTEM32\dbgcore.DLL
0x00007ffa602f0000 - 0x00007ffa60369000 	C:\windows\System32\bcryptPrimitives.dll
0x00007ffa3e310000 - 0x00007ffa3e335000 	C:\Program Files\Android\Android Studio\jbr\bin\java.dll
0x00007ffa54250000 - 0x00007ffa54268000 	C:\Program Files\Android\Android Studio\jbr\bin\zip.dll
0x00007ffa606e0000 - 0x00007ffa60f3c000 	C:\windows\System32\SHELL32.dll
0x00007ffa5da40000 - 0x00007ffa5e336000 	C:\windows\SYSTEM32\windows.storage.dll
0x00007ffa5d900000 - 0x00007ffa5da3e000 	C:\windows\SYSTEM32\wintypes.dll
0x00007ffa60f50000 - 0x00007ffa61045000 	C:\windows\System32\SHCORE.dll
0x00007ffa621c0000 - 0x00007ffa6221e000 	C:\windows\System32\shlwapi.dll
0x00007ffa5fa20000 - 0x00007ffa5fa41000 	C:\windows\SYSTEM32\profapi.dll
0x00007ffa3a150000 - 0x00007ffa3a169000 	C:\Program Files\Android\Android Studio\jbr\bin\net.dll
0x00007ffa59730000 - 0x00007ffa59866000 	C:\windows\SYSTEM32\WINHTTP.dll
0x00007ffa5f070000 - 0x00007ffa5f0d9000 	C:\windows\system32\mswsock.dll
0x00007ffa33310000 - 0x00007ffa33326000 	C:\Program Files\Android\Android Studio\jbr\bin\nio.dll
0x00007ffa5f2d0000 - 0x00007ffa5f2eb000 	C:\windows\SYSTEM32\CRYPTSP.dll
0x00007ffa5eb80000 - 0x00007ffa5ebb5000 	C:\windows\system32\rsaenh.dll
0x00007ffa5f170000 - 0x00007ffa5f198000 	C:\windows\SYSTEM32\USERENV.dll
0x00007ffa5f2f0000 - 0x00007ffa5f2fc000 	C:\windows\SYSTEM32\CRYPTBASE.dll
0x00007ffa5e610000 - 0x00007ffa5e63d000 	C:\windows\SYSTEM32\IPHLPAPI.DLL
0x00007ffa61ab0000 - 0x00007ffa61ab9000 	C:\windows\System32\NSI.dll
0x00007ffa59670000 - 0x00007ffa59689000 	C:\windows\SYSTEM32\dhcpcsvc6.DLL
0x00007ffa59650000 - 0x00007ffa5966f000 	C:\windows\SYSTEM32\dhcpcsvc.DLL
0x00007ffa5e640000 - 0x00007ffa5e738000 	C:\windows\SYSTEM32\DNSAPI.dll
0x00007ffa07e70000 - 0x00007ffa07e78000 	C:\windows\system32\wshunix.dll

dbghelp: loaded successfully - version: 4.0.5 - missing functions: none
symbol engine: initialized successfully - sym options: 0x614 - pdb path: .;C:\Program Files\Android\Android Studio\jbr\bin;C:\windows\SYSTEM32;C:\windows\WinSxS\amd64_microsoft.windows.common-controls_6595b64144ccf1df_6.0.22621.3527_none_270e469b73872a76;C:\Program Files\Android\Android Studio\jbr\bin\server

VM Arguments:
java_command: git4idea.http.GitAskPassApp Username for 'https://github.com': 
java_class_path (initial): C:/Program Files/Android/Android Studio/plugins/vcs-git/lib/git4idea-rt.jar;C:/Program Files/Android/Android Studio/lib/externalProcess-rt.jar
Launcher Type: SUN_STANDARD

[Global flags]
     intx CICompilerCount                          = 12                                        {product} {ergonomic}
     uint ConcGCThreads                            = 4                                         {product} {ergonomic}
     uint G1ConcRefinementThreads                  = 15                                        {product} {ergonomic}
   size_t G1HeapRegionSize                         = 4194304                                   {product} {ergonomic}
    uintx GCDrainStackTargetSize                   = 64                                        {product} {ergonomic}
   size_t InitialHeapSize                          = 536870912                                 {product} {ergonomic}
   size_t MarkStackSize                            = 4194304                                   {product} {ergonomic}
   size_t MaxHeapSize                              = 8531214336                                {product} {ergonomic}
   size_t MaxNewSize                               = 5117050880                                {product} {ergonomic}
   size_t MinHeapDeltaBytes                        = 4194304                                   {product} {ergonomic}
   size_t MinHeapSize                              = 8388608                                   {product} {ergonomic}
    uintx NonNMethodCodeHeapSize                   = 7602480                                {pd product} {ergonomic}
    uintx NonProfiledCodeHeapSize                  = 122027880                              {pd product} {ergonomic}
    uintx ProfiledCodeHeapSize                     = 122027880                              {pd product} {ergonomic}
    uintx ReservedCodeCacheSize                    = 251658240                              {pd product} {ergonomic}
     bool SegmentedCodeCache                       = true                                      {product} {ergonomic}
   size_t SoftMaxHeapSize                          = 8531214336                             {manageable} {ergonomic}
     bool UseCompressedClassPointers               = true                           {product lp64_product} {ergonomic}
     bool UseCompressedOops                        = true                           {product lp64_product} {ergonomic}
     bool UseG1GC                                  = true                                      {product} {ergonomic}
     bool UseLargePagesIndividualAllocation        = false                                  {pd product} {ergonomic}

Logging:
Log output configuration:
 #0: stdout all=warning uptime,level,tags
 #1: stderr all=off uptime,level,tags

Environment Variables:
PATH=C:\Program Files\Git\mingw64\libexec\git-core;C:\Program Files\Git\mingw64\libexec\git-core;C:\Program Files\Git\mingw64\bin;C:\Program Files\Git\usr\bin;C:\Users\cha_d\bin;C:\Program Files (x86)\Common Files\Oracle\Java\javapath;C:\Program Files\NVIDIA GPU Computing Toolkit\CUDA\v11.8\bin;C:\Program Files\NVIDIA GPU Computing Toolkit\CUDA\v11.8\libnvvp;C:\Windows\system32;C:\Windows;C:\Windows\System32\Wbem;C:\Windows\System32\WindowsPowerShell\v1.0;C:\Windows\System32\OpenSSH;C:\Program Files (x86)\NVIDIA Corporation\PhysX\Common;C:\Program Files\Microsoft SQL Server\150\Tools\Binn;C:\Program Files\dotnet;C:\Program Files (x86)\Windows Kits\10\Windows Performance Toolkit;C:\Program Files\Bandizip;C:\Program Files\NVIDIA Corporation\NVIDIA NvDLISR;C:\Program Files\NVIDIA Corporation\Nsight Compute 2022.3.0;C:\Program Files\Git\cmd;C:\Users\cha_d\AppData\Local\Android\Sdk\platform-tools;C:\Program Files\Java\jdk-17\bin;C:\Program Files\Cloudflare\Cloudflare WARP;C:\Users\cha_d\AppData\Local\Programs\Python\Python310\Scripts;C:\Users\cha_d\AppData\Local\Programs\Python\Python310;C:\Users\cha_d\AppData\Local\Programs\Python\Python38\Scripts;C:\Users\cha_d\AppData\Local\Programs\Python\Python38;C:\Users\cha_d\AppData\Local\Microsoft\WindowsApps;C:\Users\cha_d\AppData\Local\Programs\Microsoft VS Code\bin;C:\Program Files\JetBrains\IntelliJ IDEA 2023.2\bin;C:\Users\cha_d\.dotnet\tools;C:\Program Files\JetBrains\PyCharm 2023.2\bin;C:\Program Files\NVIDIA GPU Computing Toolkit\CUDA\v11.8\bin;C:\Program Files\NVIDIA GPU Computing Toolkit\CUDA\v11.8\lib;C:\Program Files\NVIDIA GPU Computing Toolkit\CUDA\v11.8\include;C:\Program Files\JetBrains\PyCharm Community Edition 2023.2.5\bin;C:\Users\cha_d\AppData\Local\Android\Sdk\emulator;C:\Users\cha_d\AppData\Local\Android\Sdk\platform-tools;C:\Users\cha_d\AppData\Local\Android\Sdk\tools;C:\Program Files\Java\jre-1.8\bin
USERNAME=cha_d
DISPLAY=:0.0
LC_ALL=en_US.UTF-8
TERM=xterm-256color
TMPDIR=C:\Users\cha_d\AppData\Local\Temp
OS=Windows_NT
PROCESSOR_IDENTIFIER=Intel64 Family 6 Model 151 Stepping 2, GenuineIntel
TMP=C:\Users\cha_d\AppData\Local\Temp
TEMP=C:\Users\cha_d\AppData\Local\Temp


JNI global refs:
JNI global refs: 28, weak refs: 0

JNI global refs memory usage: 843, weak refs: 841

OOME stack traces (most recent first):
Classloader memory used:
