#
# There is insufficient memory for the Java Runtime Environment to continue.
# Native memory allocation (mmap) failed to map 536870912 bytes for G1 virtual space
# Possible reasons:
#   The system is out of physical RAM or swap space
#   The process is running with CompressedOops enabled, and the Java Heap may be blocking the growth of the native heap
# Possible solutions:
#   Reduce memory load on the system
#   Increase physical memory or swap space
#   Check if swap backing store is full
#   Decrease Java heap size (-Xmx/-Xms)
#   Decrease number of Java threads
#   Decrease Java thread stack sizes (-Xss)
#   Set larger code cache with -XX:ReservedCodeCacheSize=
#   JVM is running with Zero Based Compressed Oops mode in which the Java heap is
#     placed in the first 32GB address space. The Java Heap base address is the
#     maximum limit for the native heap growth. Please use -XX:HeapBaseMinAddress
#     to set the Java Heap base and to place the Java Heap above 32GB virtual address.
# This output file may be truncated or incomplete.
#
#  Out of Memory Error (os_windows.cpp:3771), pid=34180, tid=10304
#
# JRE version:  (17.0.7) (build )
# Java VM: OpenJDK 64-Bit Server VM (17.0.7+0-b2043.56-10550314, mixed mode, sharing, tiered, compressed oops, compressed class ptrs, g1 gc, windows-amd64)
# No core dump will be written. Minidumps are not enabled by default on client versions of Windows
#

---------------  S U M M A R Y ------------

Command Line: git4idea.http.GitAskPassApp Username for 'https://github.com': 

Host: 12th Gen Intel(R) Core(TM) i7-12700, 20 cores, 31G,  Windows 11 , 64 bit Build 22621 (10.0.22621.3374)
Time: Sat May 11 06:44:51 2024  Windows 11 , 64 bit Build 22621 (10.0.22621.3374) elapsed time: 0.006475 seconds (0d 0h 0m 0s)

---------------  T H R E A D  ---------------

Current thread (0x00000230777a4550):  JavaThread "Unknown thread" [_thread_in_vm, id=10304, stack(0x000000919ba00000,0x000000919bb00000)]

Stack: [0x000000919ba00000,0x000000919bb00000]
Native frames: (J=compiled Java code, j=interpreted, Vv=VM code, C=native code)
V  [jvm.dll+0x683bfa]
V  [jvm.dll+0x8430a4]
V  [jvm.dll+0x8449be]
V  [jvm.dll+0x845023]
V  [jvm.dll+0x24ad2f]
V  [jvm.dll+0x680ac9]
V  [jvm.dll+0x67519a]
V  [jvm.dll+0x30b3cb]
V  [jvm.dll+0x312876]
V  [jvm.dll+0x36221e]
V  [jvm.dll+0x36244f]
V  [jvm.dll+0x2e14a8]
V  [jvm.dll+0x2e2414]
V  [jvm.dll+0x814391]
V  [jvm.dll+0x36ffe1]
V  [jvm.dll+0x7f396c]
V  [jvm.dll+0x3f305f]
V  [jvm.dll+0x3f4b91]
C  [jli.dll+0x528f]
C  [ucrtbase.dll+0x29333]
C  [KERNEL32.DLL+0x1257d]
C  [ntdll.dll+0x5aa48]


---------------  P R O C E S S  ---------------

Threads class SMR info:
_java_thread_list=0x00007fff0127d098, length=0, elements={
}

Java Threads: ( => current thread )

Other Threads:
  0x00000230778505e0 GCTaskThread "GC Thread#0" [stack: 0x000000919bb00000,0x000000919bc00000] [id=35900]
  0x000002307e804020 ConcurrentGCThread "G1 Main Marker" [stack: 0x000000919bc00000,0x000000919bd00000] [id=46524]
  0x000002307785e530 ConcurrentGCThread "G1 Conc#0" [stack: 0x000000919bd00000,0x000000919be00000] [id=43464]

[error occurred during error reporting (printing all threads), id 0xc0000005, EXCEPTION_ACCESS_VIOLATION (0xc0000005) at pc=0x00007fff00a32087]

VM state: not at safepoint (not fully initialized)

VM Mutex/Monitor currently owned by a thread:  ([mutex/lock_event])
[0x000002307779fb70] Heap_lock - owner thread: 0x00000230777a4550

Heap address: 0x0000000603800000, size: 8136 MB, Compressed Oops mode: Zero based, Oop shift amount: 3

CDS archive(s) mapped at: [0x0000000000000000-0x0000000000000000-0x0000000000000000), size 0, SharedBaseAddress: 0x0000000800000000, ArchiveRelocationMode: 0.
Narrow klass base: 0x0000000000000000, Narrow klass shift: 0, Narrow klass range: 0x0

GC Precious Log:
<Empty>

Heap:
 garbage-first heap   total 0K, used 0K [0x0000000603800000, 0x0000000800000000)
  region size 4096K, 0 young (0K), 0 survivors (0K)
 Metaspace       used 0K, committed 0K, reserved 0K
  class space    used 0K, committed 0K, reserved 0K

Heap Regions: E=young(eden), S=young(survivor), O=old, HS=humongous(starts), HC=humongous(continues), CS=collection set, F=free, OA=open archive, CA=closed archive, TAMS=top-at-mark-start (previous, next)

Card table byte_map: [0x000002307c710000,0x000002307d700000] _byte_map_base: 0x00000230796f4000

Marking Bits (Prev, Next): (CMBitMap*) 0x0000023077850bf0, (CMBitMap*) 0x0000023077850c30
 Prev Bits: [0x000002300f000000, 0x0000023016f20000)
 Next Bits: [0x0000023016f20000, 0x000002301ee40000)

GC Heap History (0 events):
No events

Dll operation events (1 events):
Event: 0.004 Loaded shared library C:\Program Files\Android\Android Studio\jbr\bin\java.dll

Deoptimization events (0 events):
No events

Classes unloaded (0 events):
No events

Classes redefined (0 events):
No events

Internal exceptions (0 events):
No events

VM Operations (0 events):
No events

Events (0 events):
No events


Dynamic libraries:
0x00007ff60fed0000 - 0x00007ff60feda000 	C:\Program Files\Android\Android Studio\jbr\bin\java.exe
0x00007ff83fff0000 - 0x00007ff840206000 	C:\windows\SYSTEM32\ntdll.dll
0x00007ff83eb00000 - 0x00007ff83ebc4000 	C:\windows\System32\KERNEL32.DLL
0x00007ff83d6c0000 - 0x00007ff83da67000 	C:\windows\System32\KERNELBASE.dll
0x00007ff83d310000 - 0x00007ff83d421000 	C:\windows\System32\ucrtbase.dll
0x00007ffff68f0000 - 0x00007ffff6907000 	C:\Program Files\Android\Android Studio\jbr\bin\jli.dll
0x00007ff8133c0000 - 0x00007ff8133db000 	C:\Program Files\Android\Android Studio\jbr\bin\VCRUNTIME140.dll
0x00007ff83f660000 - 0x00007ff83f80e000 	C:\windows\System32\USER32.dll
0x00007ff83d4b0000 - 0x00007ff83d4d6000 	C:\windows\System32\win32u.dll
0x00007ff83f8c0000 - 0x00007ff83f8e9000 	C:\windows\System32\GDI32.dll
0x00007ff82f030000 - 0x00007ff82f2c3000 	C:\windows\WinSxS\amd64_microsoft.windows.common-controls_6595b64144ccf1df_6.0.22621.3235_none_270f74e173860f98\COMCTL32.dll
0x00007ff83daa0000 - 0x00007ff83dbb9000 	C:\windows\System32\gdi32full.dll
0x00007ff83ff00000 - 0x00007ff83ffa7000 	C:\windows\System32\msvcrt.dll
0x00007ff83dbc0000 - 0x00007ff83dc5a000 	C:\windows\System32\msvcp_win.dll
0x00007ff83fd90000 - 0x00007ff83fdc1000 	C:\windows\System32\IMM32.DLL
0x00007ff837f10000 - 0x00007ff837f1c000 	C:\Program Files\Android\Android Studio\jbr\bin\vcruntime140_1.dll
0x00007ffff5490000 - 0x00007ffff551d000 	C:\Program Files\Android\Android Studio\jbr\bin\msvcp140.dll
0x00007fff00740000 - 0x00007fff013c0000 	C:\Program Files\Android\Android Studio\jbr\bin\server\jvm.dll
0x00007ff83e1d0000 - 0x00007ff83e282000 	C:\windows\System32\ADVAPI32.dll
0x00007ff83ef10000 - 0x00007ff83efb8000 	C:\windows\System32\sechost.dll
0x00007ff83da70000 - 0x00007ff83da98000 	C:\windows\System32\bcrypt.dll
0x00007ff83f960000 - 0x00007ff83fa75000 	C:\windows\System32\RPCRT4.dll
0x00007ff80e020000 - 0x00007ff80e029000 	C:\windows\SYSTEM32\WSOCK32.dll
0x00007ff832c40000 - 0x00007ff832c74000 	C:\windows\SYSTEM32\WINMM.dll
0x00007ff83ebd0000 - 0x00007ff83ec41000 	C:\windows\System32\WS2_32.dll
0x00007ff834bd0000 - 0x00007ff834bda000 	C:\windows\SYSTEM32\VERSION.dll
0x00007ff83c3a0000 - 0x00007ff83c3b8000 	C:\windows\SYSTEM32\kernel.appcore.dll
0x00007ff839870000 - 0x00007ff83987a000 	C:\Program Files\Android\Android Studio\jbr\bin\jimage.dll
0x00007ff83a9a0000 - 0x00007ff83abd3000 	C:\windows\SYSTEM32\DBGHELP.DLL
0x00007ff83de40000 - 0x00007ff83e1c8000 	C:\windows\System32\combase.dll
0x00007ff83ee10000 - 0x00007ff83eee7000 	C:\windows\System32\OLEAUT32.dll
0x00007ff821430000 - 0x00007ff821462000 	C:\windows\SYSTEM32\dbgcore.DLL
0x00007ff83d430000 - 0x00007ff83d4a9000 	C:\windows\System32\bcryptPrimitives.dll
0x00007ffff6c40000 - 0x00007ffff6c65000 	C:\Program Files\Android\Android Studio\jbr\bin\java.dll

dbghelp: loaded successfully - version: 4.0.5 - missing functions: none
symbol engine: initialized successfully - sym options: 0x614 - pdb path: .;C:\Program Files\Android\Android Studio\jbr\bin;C:\windows\SYSTEM32;C:\windows\WinSxS\amd64_microsoft.windows.common-controls_6595b64144ccf1df_6.0.22621.3235_none_270f74e173860f98;C:\Program Files\Android\Android Studio\jbr\bin\server

VM Arguments:
java_command: git4idea.http.GitAskPassApp Username for 'https://github.com': 
java_class_path (initial): C:/Program Files/Android/Android Studio/plugins/vcs-git/lib/git4idea-rt.jar;C:/Program Files/Android/Android Studio/lib/externalProcess-rt.jar
Launcher Type: SUN_STANDARD

[Global flags]
     intx CICompilerCount                          = 12                                        {product} {ergonomic}
     uint ConcGCThreads                            = 4                                         {product} {ergonomic}
     uint G1ConcRefinementThreads                  = 15                                        {product} {ergonomic}
   size_t G1HeapRegionSize                         = 4194304                                   {product} {ergonomic}
    uintx GCDrainStackTargetSize                   = 64                                        {product} {ergonomic}
   size_t InitialHeapSize                          = 536870912                                 {product} {ergonomic}
   size_t MarkStackSize                            = 4194304                                   {product} {ergonomic}
   size_t MaxHeapSize                              = 8531214336                                {product} {ergonomic}
   size_t MinHeapDeltaBytes                        = 4194304                                   {product} {ergonomic}
   size_t MinHeapSize                              = 8388608                                   {product} {ergonomic}
    uintx NonNMethodCodeHeapSize                   = 7602480                                {pd product} {ergonomic}
    uintx NonProfiledCodeHeapSize                  = 122027880                              {pd product} {ergonomic}
    uintx ProfiledCodeHeapSize                     = 122027880                              {pd product} {ergonomic}
    uintx ReservedCodeCacheSize                    = 251658240                              {pd product} {ergonomic}
     bool SegmentedCodeCache                       = true                                      {product} {ergonomic}
   size_t SoftMaxHeapSize                          = 8531214336                             {manageable} {ergonomic}
     bool UseCompressedClassPointers               = true                           {product lp64_product} {ergonomic}
     bool UseCompressedOops                        = true                           {product lp64_product} {ergonomic}
     bool UseG1GC                                  = true                                      {product} {ergonomic}
     bool UseLargePagesIndividualAllocation        = false                                  {pd product} {ergonomic}

Logging:
Log output configuration:
 #0: stdout all=warning uptime,level,tags
 #1: stderr all=off uptime,level,tags

Environment Variables:
PATH=C:\Program Files\Git\mingw64\libexec\git-core;C:\Program Files\Git\mingw64\libexec\git-core;C:\Program Files\Git\mingw64\bin;C:\Program Files\Git\usr\bin;C:\Users\cha_d\bin;C:\Program Files (x86)\Common Files\Oracle\Java\javapath;C:\Program Files\NVIDIA GPU Computing Toolkit\CUDA\v11.8\bin;C:\Program Files\NVIDIA GPU Computing Toolkit\CUDA\v11.8\libnvvp;C:\Windows\system32;C:\Windows;C:\Windows\System32\Wbem;C:\Windows\System32\WindowsPowerShell\v1.0;C:\Windows\System32\OpenSSH;C:\Program Files (x86)\NVIDIA Corporation\PhysX\Common;C:\Program Files\Microsoft SQL Server\150\Tools\Binn;C:\Program Files\dotnet;C:\Program Files (x86)\Windows Kits\10\Windows Performance Toolkit;C:\Program Files\Bandizip;C:\Program Files\NVIDIA Corporation\NVIDIA NvDLISR;C:\Program Files\NVIDIA Corporation\Nsight Compute 2022.3.0;C:\Program Files\Git\cmd;C:\Users\cha_d\AppData\Local\Android\Sdk\platform-tools;C:\Program Files\Java\jdk-17\bin;C:\Users\cha_d\AppData\Local\Programs\Python\Python310\Scripts;C:\Users\cha_d\AppData\Local\Programs\Python\Python310;C:\Users\cha_d\AppData\Local\Programs\Python\Python38\Scripts;C:\Users\cha_d\AppData\Local\Programs\Python\Python38;C:\Users\cha_d\AppData\Local\Microsoft\WindowsApps;C:\Users\cha_d\AppData\Local\Programs\Microsoft VS Code\bin;C:\Program Files\JetBrains\IntelliJ IDEA 2023.2\bin;C:\Users\cha_d\.dotnet\tools;C:\Program Files\JetBrains\PyCharm 2023.2\bin;C:\Program Files\NVIDIA GPU Computing Toolkit\CUDA\v11.8\bin;C:\Program Files\NVIDIA GPU Computing Toolkit\CUDA\v11.8\lib;C:\Program Files\NVIDIA GPU Computing Toolkit\CUDA\v11.8\include;C:\Program Files\JetBrains\PyCharm Community Edition 2023.2.5\bin;C:\Users\cha_d\AppData\Local\Android\Sdk\emulator;C:\Users\cha_d\AppData\Local\Android\Sdk\platform-tools;C:\Users\cha_d\AppData\Local\Android\Sdk\tools;C:\Program Files\Java\jre-1.8\bin
USERNAME=cha_d
DISPLAY=:0.0
LC_ALL=en_US.UTF-8
TERM=xterm-256color
TMPDIR=C:\Users\cha_d\AppData\Local\Temp
OS=Windows_NT
PROCESSOR_IDENTIFIER=Intel64 Family 6 Model 151 Stepping 2, GenuineIntel
TMP=C:\Users\cha_d\AppData\Local\Temp
TEMP=C:\Users\cha_d\AppData\Local\Temp


JNI global refs:
JNI global refs: 0, weak refs: 0

JNI global refs memory usage: 0, weak refs: 0

OOME stack traces (most recent first):
Classloader memory used:


---------------  S Y S T E M  ---------------

OS:
 Windows 11 , 64 bit Build 22621 (10.0.22621.3374)
OS uptime: 3 days 11:28 hours

CPU: total 20 (initial active 20) (10 cores per cpu, 2 threads per core) family 6 model 151 stepping 2 microcode 0x23, cx8, cmov, fxsr, ht, mmx, 3dnowpref, sse, sse2, sse3, ssse3, sse4.1, sse4.2, popcnt, lzcnt, tsc, tscinvbit, avx, avx2, aes, erms, clmul, bmi1, bmi2, adx, sha, fma, vzeroupper, clflush, clflushopt, clwb

Memory: 4k page, system-wide physical 32532M (5680M free)
TotalPageFile size 111603M (AvailPageFile size 396M)
current process WorkingSet (physical memory assigned to process): 11M, peak: 11M
current process commit charge ("private bytes"): 75M, peak: 587M

vm_info: OpenJDK 64-Bit Server VM (17.0.7+0-b2043.56-10550314) for windows-amd64 JRE (17.0.7+0-b2043.56-10550314), built on Jul 24 2023 18:27:45 by "androidbuild" with MS VC++ 16.10 / 16.11 (VS2019)

END.
